build/app/intermediates/manifest_merge_blame_file/release/manifest-merger-blame-release-report.txt
1<?xml version="1.0" encoding="utf-8"?>
2<manifest xmlns:android="http://schemas.android.com/apk/res/android"
3    package="com.example.qr_scanner"
4    android:versionCode="1"
5    android:versionName="1.0.0" >
6
7    <uses-sdk
8        android:minSdkVersion="21"
8-->src/main/AndroidManifest.xml
9        android:targetSdkVersion="30" />
9-->src/main/AndroidManifest.xml
10
11    <uses-permission android:name="android.permission.CAMERA" />
11-->[:flutter_barcode_scanner] AndroidManifest.xml:9:5-65
11-->[:flutter_barcode_scanner] AndroidManifest.xml:9:22-62
12
13    <uses-feature android:name="android.hardware.camera" />
13-->[:flutter_barcode_scanner] AndroidManifest.xml:11:5-60
13-->[:flutter_barcode_scanner] AndroidManifest.xml:11:19-57
14
15    <uses-permission android:name="android.permission.FLASHLIGHT" />
15-->[:flutter_barcode_scanner] AndroidManifest.xml:13:5-69
15-->[:flutter_barcode_scanner] AndroidManifest.xml:13:22-66
16    <uses-permission android:name="android.permission.INTERNET" />
16-->[com.google.firebase:firebase-auth:21.0.1] AndroidManifest.xml:23:5-67
16-->[com.google.firebase:firebase-auth:21.0.1] AndroidManifest.xml:23:22-64
17    <uses-permission android:name="android.permission.ACCESS_NETWORK_STATE" />
17-->[com.google.firebase:firebase-auth:21.0.1] AndroidManifest.xml:24:5-79
17-->[com.google.firebase:firebase-auth:21.0.1] AndroidManifest.xml:24:22-76
18
19    <application
19-->src/main/AndroidManifest.xml:3:4-40:19
20        android:appComponentFactory="androidx.core.app.CoreComponentFactory"
20-->[androidx.core:core:1.6.0] AndroidManifest.xml:24:18-86
21        android:icon="@mipmap/ic_launcher"
21-->src/main/AndroidManifest.xml:5:9-43
22        android:label="qr_scanner"
22-->src/main/AndroidManifest.xml:4:9-35
23        android:largeHeap="true"
23-->[:flutter_barcode_scanner] AndroidManifest.xml:16:9-33
24        android:theme="@style/Theme.AppCompat.NoActionBar" >
24-->[:flutter_barcode_scanner] AndroidManifest.xml:17:9-59
25        <activity
25-->src/main/AndroidManifest.xml:6:9-34:20
26            android:name="com.example.qr_scanner.MainActivity"
26-->src/main/AndroidManifest.xml:7:13-41
27            android:configChanges="orientation|keyboardHidden|keyboard|screenSize|smallestScreenSize|locale|layoutDirection|fontScale|screenLayout|density|uiMode"
27-->src/main/AndroidManifest.xml:10:13-163
28            android:hardwareAccelerated="true"
28-->src/main/AndroidManifest.xml:11:13-47
29            android:launchMode="singleTop"
29-->src/main/AndroidManifest.xml:8:13-43
30            android:theme="@style/LaunchTheme"
30-->src/main/AndroidManifest.xml:9:13-47
31            android:windowSoftInputMode="adjustResize" >
31-->src/main/AndroidManifest.xml:12:13-55
32
33            <!--
34                 Specifies an Android theme to apply to this Activity as soon as
35                 the Android process has started. This theme is visible to the user
36                 while the Flutter UI initializes. After that, this theme continues
37                 to determine the Window background behind the Flutter UI.
38            -->
39            <meta-data
39-->src/main/AndroidManifest.xml:17:13-20:17
40                android:name="io.flutter.embedding.android.NormalTheme"
40-->src/main/AndroidManifest.xml:18:15-70
41                android:resource="@style/NormalTheme" />
41-->src/main/AndroidManifest.xml:19:15-52
42            <!--
43                 Displays an Android View that continues showing the launch screen
44                 Drawable until Flutter paints its first frame, then this splash
45                 screen fades out. A splash screen is useful to avoid any visual
46                 gap between the end of Android's launch screen and the painting of
47                 Flutter's first frame.
48            -->
49            <meta-data
49-->src/main/AndroidManifest.xml:26:13-29:17
50                android:name="io.flutter.embedding.android.SplashScreenDrawable"
50-->src/main/AndroidManifest.xml:27:15-79
51                android:resource="@drawable/launch_background" />
51-->src/main/AndroidManifest.xml:28:15-61
52
53            <intent-filter>
53-->src/main/AndroidManifest.xml:30:13-33:29
54                <action android:name="android.intent.action.MAIN" />
54-->src/main/AndroidManifest.xml:31:17-68
54-->src/main/AndroidManifest.xml:31:25-66
55
56                <category android:name="android.intent.category.LAUNCHER" />
56-->src/main/AndroidManifest.xml:32:17-76
56-->src/main/AndroidManifest.xml:32:27-74
57            </intent-filter>
58        </activity>
59        <!--
60             Don't delete the meta-data below.
61             This is used by the Flutter tool to generate GeneratedPluginRegistrant.java
62        -->
63        <meta-data
63-->src/main/AndroidManifest.xml:37:9-39:33
64            android:name="flutterEmbedding"
64-->src/main/AndroidManifest.xml:38:13-44
65            android:value="2" />
65-->src/main/AndroidManifest.xml:39:13-30
66
67        <service
67-->[:firebase_auth] AndroidManifest.xml:8:9-12:19
68            android:name="com.google.firebase.components.ComponentDiscoveryService"
68-->[:firebase_auth] AndroidManifest.xml:8:18-89
69            android:directBootAware="true"
69-->[com.google.firebase:firebase-common:20.0.0] AndroidManifest.xml:35:13-43
70            android:exported="false" >
70-->[com.google.firebase:firebase-auth:21.0.1] AndroidManifest.xml:76:13-37
71            <meta-data
71-->[:firebase_auth] AndroidManifest.xml:9:13-11:85
72                android:name="com.google.firebase.components:io.flutter.plugins.firebase.auth.FlutterFirebaseAuthRegistrar"
72-->[:firebase_auth] AndroidManifest.xml:10:17-124
73                android:value="com.google.firebase.components.ComponentRegistrar" />
73-->[:firebase_auth] AndroidManifest.xml:11:17-82
74            <meta-data
74-->[:firebase_storage] AndroidManifest.xml:9:13-11:85
75                android:name="com.google.firebase.components:io.flutter.plugins.firebase.storage.FlutterFirebaseAppRegistrar"
75-->[:firebase_storage] AndroidManifest.xml:10:17-126
76                android:value="com.google.firebase.components.ComponentRegistrar" />
76-->[:firebase_storage] AndroidManifest.xml:11:17-82
77            <meta-data
77-->[:cloud_firestore] AndroidManifest.xml:9:13-11:85
78                android:name="com.google.firebase.components:io.flutter.plugins.firebase.firestore.FlutterFirebaseFirestoreRegistrar"
78-->[:cloud_firestore] AndroidManifest.xml:10:17-134
79                android:value="com.google.firebase.components.ComponentRegistrar" />
79-->[:cloud_firestore] AndroidManifest.xml:11:17-82
80            <meta-data
80-->[:firebase_core] AndroidManifest.xml:9:13-11:85
81                android:name="com.google.firebase.components:io.flutter.plugins.firebase.core.FlutterFirebaseCoreRegistrar"
81-->[:firebase_core] AndroidManifest.xml:10:17-124
82                android:value="com.google.firebase.components.ComponentRegistrar" />
82-->[:firebase_core] AndroidManifest.xml:11:17-82
83            <meta-data
83-->[com.google.firebase:firebase-auth:21.0.1] AndroidManifest.xml:77:13-79:85
84                android:name="com.google.firebase.components:com.google.firebase.auth.FirebaseAuthRegistrar"
84-->[com.google.firebase:firebase-auth:21.0.1] AndroidManifest.xml:78:17-109
85                android:value="com.google.firebase.components.ComponentRegistrar" />
85-->[com.google.firebase:firebase-auth:21.0.1] AndroidManifest.xml:79:17-82
86            <meta-data
86-->[com.google.firebase:firebase-firestore:24.0.0] AndroidManifest.xml:20:13-22:85
87                android:name="com.google.firebase.components:com.google.firebase.firestore.FirestoreRegistrar"
87-->[com.google.firebase:firebase-firestore:24.0.0] AndroidManifest.xml:21:17-111
88                android:value="com.google.firebase.components.ComponentRegistrar" />
88-->[com.google.firebase:firebase-firestore:24.0.0] AndroidManifest.xml:22:17-82
89            <meta-data
89-->[com.google.firebase:firebase-storage:20.0.0] AndroidManifest.xml:33:13-35:85
90                android:name="com.google.firebase.components:com.google.firebase.storage.StorageRegistrar"
90-->[com.google.firebase:firebase-storage:20.0.0] AndroidManifest.xml:34:17-107
91                android:value="com.google.firebase.components.ComponentRegistrar" />
91-->[com.google.firebase:firebase-storage:20.0.0] AndroidManifest.xml:35:17-82
92        </service>
93
94        <provider
94-->[:image_picker] AndroidManifest.xml:8:9-16:20
95            android:name="io.flutter.plugins.imagepicker.ImagePickerFileProvider"
95-->[:image_picker] AndroidManifest.xml:9:13-82
96            android:authorities="com.example.qr_scanner.flutter.image_provider"
96-->[:image_picker] AndroidManifest.xml:10:13-74
97            android:exported="false"
97-->[:image_picker] AndroidManifest.xml:11:13-37
98            android:grantUriPermissions="true" >
98-->[:image_picker] AndroidManifest.xml:12:13-47
99            <meta-data
99-->[:image_picker] AndroidManifest.xml:13:13-15:75
100                android:name="android.support.FILE_PROVIDER_PATHS"
100-->[:image_picker] AndroidManifest.xml:14:17-67
101                android:resource="@xml/flutter_image_picker_file_paths" />
101-->[:image_picker] AndroidManifest.xml:15:17-72
102        </provider>
103
104        <activity android:name="com.amolg.flutterbarcodescanner.BarcodeCaptureActivity" />
104-->[:flutter_barcode_scanner] AndroidManifest.xml:18:9-91
104-->[:flutter_barcode_scanner] AndroidManifest.xml:18:19-88
105        <activity
105-->[com.google.firebase:firebase-auth:21.0.1] AndroidManifest.xml:27:9-44:20
106            android:name="com.google.firebase.auth.internal.GenericIdpActivity"
106-->[com.google.firebase:firebase-auth:21.0.1] AndroidManifest.xml:28:13-80
107            android:excludeFromRecents="true"
107-->[com.google.firebase:firebase-auth:21.0.1] AndroidManifest.xml:29:13-46
108            android:exported="true"
108-->[com.google.firebase:firebase-auth:21.0.1] AndroidManifest.xml:30:13-36
109            android:launchMode="singleTask"
109-->[com.google.firebase:firebase-auth:21.0.1] AndroidManifest.xml:31:13-44
110            android:theme="@android:style/Theme.Translucent.NoTitleBar" >
110-->[com.google.firebase:firebase-auth:21.0.1] AndroidManifest.xml:32:13-72
111            <intent-filter>
111-->[com.google.firebase:firebase-auth:21.0.1] AndroidManifest.xml:33:13-43:29
112                <action android:name="android.intent.action.VIEW" />
112-->[com.google.firebase:firebase-auth:21.0.1] AndroidManifest.xml:34:17-69
112-->[com.google.firebase:firebase-auth:21.0.1] AndroidManifest.xml:34:25-66
113
114                <category android:name="android.intent.category.DEFAULT" />
114-->[com.google.firebase:firebase-auth:21.0.1] AndroidManifest.xml:36:17-76
114-->[com.google.firebase:firebase-auth:21.0.1] AndroidManifest.xml:36:27-73
115                <category android:name="android.intent.category.BROWSABLE" />
115-->[com.google.firebase:firebase-auth:21.0.1] AndroidManifest.xml:37:17-78
115-->[com.google.firebase:firebase-auth:21.0.1] AndroidManifest.xml:37:27-75
116
117                <data
117-->[com.google.firebase:firebase-auth:21.0.1] AndroidManifest.xml:39:17-42:51
118                    android:host="firebase.auth"
118-->[com.google.firebase:firebase-auth:21.0.1] AndroidManifest.xml:40:21-49
119                    android:path="/"
119-->[com.google.firebase:firebase-auth:21.0.1] AndroidManifest.xml:41:21-37
120                    android:scheme="genericidp" />
120-->[com.google.firebase:firebase-auth:21.0.1] AndroidManifest.xml:42:21-48
121            </intent-filter>
122        </activity>
123        <activity
123-->[com.google.firebase:firebase-auth:21.0.1] AndroidManifest.xml:45:9-62:20
124            android:name="com.google.firebase.auth.internal.RecaptchaActivity"
124-->[com.google.firebase:firebase-auth:21.0.1] AndroidManifest.xml:46:13-79
125            android:excludeFromRecents="true"
125-->[com.google.firebase:firebase-auth:21.0.1] AndroidManifest.xml:47:13-46
126            android:exported="true"
126-->[com.google.firebase:firebase-auth:21.0.1] AndroidManifest.xml:48:13-36
127            android:launchMode="singleTask"
127-->[com.google.firebase:firebase-auth:21.0.1] AndroidManifest.xml:49:13-44
128            android:theme="@android:style/Theme.Translucent.NoTitleBar" >
128-->[com.google.firebase:firebase-auth:21.0.1] AndroidManifest.xml:50:13-72
129            <intent-filter>
129-->[com.google.firebase:firebase-auth:21.0.1] AndroidManifest.xml:51:13-61:29
130                <action android:name="android.intent.action.VIEW" />
130-->[com.google.firebase:firebase-auth:21.0.1] AndroidManifest.xml:34:17-69
130-->[com.google.firebase:firebase-auth:21.0.1] AndroidManifest.xml:34:25-66
131
132                <category android:name="android.intent.category.DEFAULT" />
132-->[com.google.firebase:firebase-auth:21.0.1] AndroidManifest.xml:36:17-76
132-->[com.google.firebase:firebase-auth:21.0.1] AndroidManifest.xml:36:27-73
133                <category android:name="android.intent.category.BROWSABLE" />
133-->[com.google.firebase:firebase-auth:21.0.1] AndroidManifest.xml:37:17-78
133-->[com.google.firebase:firebase-auth:21.0.1] AndroidManifest.xml:37:27-75
134
135                <data
135-->[com.google.firebase:firebase-auth:21.0.1] AndroidManifest.xml:39:17-42:51
136                    android:host="firebase.auth"
136-->[com.google.firebase:firebase-auth:21.0.1] AndroidManifest.xml:40:21-49
137                    android:path="/"
137-->[com.google.firebase:firebase-auth:21.0.1] AndroidManifest.xml:41:21-37
138                    android:scheme="recaptcha" />
138-->[com.google.firebase:firebase-auth:21.0.1] AndroidManifest.xml:42:21-48
139            </intent-filter>
140        </activity>
141
142        <service
142-->[com.google.firebase:firebase-auth:21.0.1] AndroidManifest.xml:64:9-73:19
143            android:name="com.google.firebase.auth.api.fallback.service.FirebaseAuthFallbackService"
143-->[com.google.firebase:firebase-auth:21.0.1] AndroidManifest.xml:65:13-101
144            android:enabled="true"
144-->[com.google.firebase:firebase-auth:21.0.1] AndroidManifest.xml:66:13-35
145            android:exported="false" >
145-->[com.google.firebase:firebase-auth:21.0.1] AndroidManifest.xml:67:13-37
146            <intent-filter>
146-->[com.google.firebase:firebase-auth:21.0.1] AndroidManifest.xml:68:13-72:29
147                <action android:name="com.google.firebase.auth.api.gms.service.START" />
147-->[com.google.firebase:firebase-auth:21.0.1] AndroidManifest.xml:69:17-89
147-->[com.google.firebase:firebase-auth:21.0.1] AndroidManifest.xml:69:25-86
148
149                <category android:name="android.intent.category.DEFAULT" />
149-->[com.google.firebase:firebase-auth:21.0.1] AndroidManifest.xml:36:17-76
149-->[com.google.firebase:firebase-auth:21.0.1] AndroidManifest.xml:36:27-73
150            </intent-filter>
151        </service>
152
153        <provider
153-->[com.google.firebase:firebase-common:20.0.0] AndroidManifest.xml:26:9-31:39
154            android:name="com.google.firebase.provider.FirebaseInitProvider"
154-->[com.google.firebase:firebase-common:20.0.0] AndroidManifest.xml:27:13-77
155            android:authorities="com.example.qr_scanner.firebaseinitprovider"
155-->[com.google.firebase:firebase-common:20.0.0] AndroidManifest.xml:28:13-72
156            android:directBootAware="true"
156-->[com.google.firebase:firebase-common:20.0.0] AndroidManifest.xml:29:13-43
157            android:exported="false"
157-->[com.google.firebase:firebase-common:20.0.0] AndroidManifest.xml:30:13-37
158            android:initOrder="100" />
158-->[com.google.firebase:firebase-common:20.0.0] AndroidManifest.xml:31:13-36
159
160        <activity
160-->[com.google.android.gms:play-services-base:17.4.0] AndroidManifest.xml:23:9-26:75
161            android:name="com.google.android.gms.common.api.GoogleApiActivity"
161-->[com.google.android.gms:play-services-base:17.4.0] AndroidManifest.xml:24:13-79
162            android:exported="false"
162-->[com.google.android.gms:play-services-base:17.4.0] AndroidManifest.xml:25:13-37
163            android:theme="@android:style/Theme.Translucent.NoTitleBar" />
163-->[com.google.android.gms:play-services-base:17.4.0] AndroidManifest.xml:26:13-72
164
165        <meta-data
165-->[com.google.android.gms:play-services-basement:17.4.0] AndroidManifest.xml:23:9-25:69
166            android:name="com.google.android.gms.version"
166-->[com.google.android.gms:play-services-basement:17.4.0] AndroidManifest.xml:24:13-58
167            android:value="@integer/google_play_services_version" />
167-->[com.google.android.gms:play-services-basement:17.4.0] AndroidManifest.xml:25:13-66
168    </application>
169
170</manifest>